<?xml version="1.0" encoding="UTF-8"?>
<testng-results total="1" passed="1" failed="0" skipped="0">
  <reporter-output>
  </reporter-output>
  <suite started-at="2019-09-18T07:36:48Z" name="Default suite" finished-at="2019-09-18T07:37:37Z" duration-ms="49893">
    <groups>
    </groups>
    <test started-at="2019-09-18T07:36:48Z" name="Default test" finished-at="2019-09-18T07:37:37Z" duration-ms="49893">
      <class name="test.ValidateWWFunctionalityTest">
        <test-method is-config="true" signature="beforetest()[pri:0, instance:test.ValidateWWFunctionalityTest@8e0379d]" started-at="2019-09-18T03:36:48Z" name="beforetest" finished-at="2019-09-18T03:37:02Z" duration-ms="14937" status="PASS">
          <reporter-output>
          </reporter-output>
        </test-method> <!-- beforetest -->
        <test-method signature="WWTest()[pri:0, instance:test.ValidateWWFunctionalityTest@8e0379d]" started-at="2019-09-18T03:37:02Z" name="WWTest" finished-at="2019-09-18T03:37:37Z" duration-ms="34891" status="PASS">
          <reporter-output>
          </reporter-output>
        </test-method> <!-- WWTest -->
      </class> <!-- test.ValidateWWFunctionalityTest -->
    </test> <!-- Default test -->
  </suite> <!-- Default suite -->
</testng-results>
