<?xml version="1.0" encoding="UTF-8"?>
<testng-results total="1" passed="1" failed="0" skipped="0">
  <reporter-output>
  </reporter-output>
  <suite started-at="2019-09-19T06:21:55Z" name="Default suite" finished-at="2019-09-19T06:23:04Z" duration-ms="69660">
    <groups>
    </groups>
    <test started-at="2019-09-19T06:21:55Z" name="Default test" finished-at="2019-09-19T06:23:04Z" duration-ms="69660">
      <class name="test.ValidateWWFunctionalityTest">
        <test-method is-config="true" signature="beforetest()[pri:0, instance:test.ValidateWWFunctionalityTest@8e0379d]" started-at="2019-09-19T02:21:55Z" name="beforetest" finished-at="2019-09-19T02:21:58Z" duration-ms="3696" status="PASS">
          <reporter-output>
          </reporter-output>
        </test-method> <!-- beforetest -->
        <test-method signature="WWTest()[pri:0, instance:test.ValidateWWFunctionalityTest@8e0379d]" started-at="2019-09-19T02:21:58Z" name="WWTest" finished-at="2019-09-19T02:23:04Z" duration-ms="65935" status="PASS">
          <reporter-output>
          </reporter-output>
        </test-method> <!-- WWTest -->
      </class> <!-- test.ValidateWWFunctionalityTest -->
    </test> <!-- Default test -->
  </suite> <!-- Default suite -->
</testng-results>
